<?xml version="1.0" encoding="UTF-8"?>
<testng-results skipped="0" failed="0" ignored="0" total="1" passed="1">
  <reporter-output>
  </reporter-output>
  <suite name="Default suite" duration-ms="70369" started-at="2019-03-04T00:21:10Z" finished-at="2019-03-04T00:22:20Z">
    <groups>
    </groups>
    <test name="Default test" duration-ms="70369" started-at="2019-03-04T00:21:10Z" finished-at="2019-03-04T00:22:20Z">
      <class name="assignment.mindtickle.InviteLearersPageTest">
        <test-method status="PASS" signature="setUp()[pri:0, instance:assignment.mindtickle.InviteLearersPageTest@53b32d7]" name="setUp" is-config="true" duration-ms="19218" started-at="2019-03-04T00:20:51Z" finished-at="2019-03-04T00:21:10Z">
          <reporter-output>
          </reporter-output>
        </test-method> <!-- setUp -->
        <test-method status="PASS" signature="inviteLearner(java.lang.String, java.lang.String, java.lang.String, java.lang.String, java.lang.String, java.lang.String, java.lang.String, java.lang.String)[pri:1, instance:assignment.mindtickle.InviteLearersPageTest@53b32d7]" name="inviteLearner" duration-ms="68875" started-at="2019-03-04T00:21:11Z" data-provider="publishCourseDataProviderMethod" finished-at="2019-03-04T00:22:20Z">
          <params>
            <param index="0">
              <value>
                <![CDATA[invite learner]]>
              </value>
            </param>
            <param index="1">
              <value>
                <![CDATA[description text]]>
              </value>
            </param>
            <param index="2">
              <value>
                <![CDATA[MCQ]]>
              </value>
            </param>
            <param index="3">
              <value>
                <![CDATA[Topic name]]>
              </value>
            </param>
            <param index="4">
              <value>
                <![CDATA[D:\\mindtickle_assignment\\mindtickle\\AutoIT\\FileUpload.exe]]>
              </value>
            </param>
            <param index="5">
              <value>
                <![CDATA[Invite New]]>
              </value>
            </param>
            <param index="6">
              <value>
                <![CDATA[rajput.prasadsingh@gmail.com]]>
              </value>
            </param>
            <param index="7">
              <value>
                <![CDATA[prasadsinghr79]]>
              </value>
            </param>
          </params>
          <reporter-output>
          </reporter-output>
        </test-method> <!-- inviteLearner -->
        <test-method status="PASS" signature="closure()[pri:0, instance:assignment.mindtickle.InviteLearersPageTest@53b32d7]" name="closure" is-config="true" duration-ms="1624" started-at="2019-03-04T00:22:20Z" finished-at="2019-03-04T00:22:22Z">
          <reporter-output>
          </reporter-output>
        </test-method> <!-- closure -->
      </class> <!-- assignment.mindtickle.InviteLearersPageTest -->
    </test> <!-- Default test -->
  </suite> <!-- Default suite -->
</testng-results>
