<?xml version="1.0" encoding="UTF-8"?>
<testng-results skipped="0" failed="0" ignored="0" total="2" passed="2">
  <reporter-output>
  </reporter-output>
  <suite name="Default suite" duration-ms="9185" started-at="2019-03-07T02:49:53Z" finished-at="2019-03-07T02:50:02Z">
    <groups>
    </groups>
    <test name="Default test" duration-ms="9185" started-at="2019-03-07T02:49:53Z" finished-at="2019-03-07T02:50:02Z">
      <class name="assignment.mindtickle.LoginPageTest">
        <test-method status="PASS" signature="launchApp()[pri:0, instance:assignment.mindtickle.LoginPageTest@59ec2012]" name="launchApp" is-config="true" duration-ms="13832" started-at="2019-03-07T02:49:39Z" finished-at="2019-03-07T02:49:53Z">
          <reporter-output>
          </reporter-output>
        </test-method> <!-- launchApp -->
        <test-method status="PASS" signature="validatePageTitleTest()[pri:1, instance:assignment.mindtickle.LoginPageTest@59ec2012]" name="validatePageTitleTest" duration-ms="41" started-at="2019-03-07T02:49:53Z" finished-at="2019-03-07T02:49:53Z">
          <reporter-output>
          </reporter-output>
        </test-method> <!-- validatePageTitleTest -->
        <test-method status="PASS" signature="loginTest()[pri:2, instance:assignment.mindtickle.LoginPageTest@59ec2012]" name="loginTest" duration-ms="7777" started-at="2019-03-07T02:49:54Z" finished-at="2019-03-07T02:50:01Z">
          <reporter-output>
          </reporter-output>
        </test-method> <!-- loginTest -->
        <test-method status="PASS" signature="closure()[pri:0, instance:assignment.mindtickle.LoginPageTest@59ec2012]" name="closure" is-config="true" duration-ms="2145" started-at="2019-03-07T02:50:02Z" finished-at="2019-03-07T02:50:05Z">
          <reporter-output>
          </reporter-output>
        </test-method> <!-- closure -->
      </class> <!-- assignment.mindtickle.LoginPageTest -->
    </test> <!-- Default test -->
  </suite> <!-- Default suite -->
</testng-results>
